This is pdfTeX, Version 3.1415926-1.40.11 (MiKTeX 2.9) (preloaded format=pdflatex 2011.11.11)  11 NOV 2011 15:36
entering extended mode
**condenser.tex
(C:\Users\pszjmb\Documents\synchronization\git\spec\condenser.tex
LaTeX2e <2009/09/24>
Babel <v3.8l> and hyphenation patterns for english, afrikaans, ancientgreek, ar
abic, armenian, assamese, basque, bengali, bokmal, bulgarian, catalan, coptic, 
croatian, czech, danish, dutch, esperanto, estonian, farsi, finnish, french, ga
lician, german, german-x-2009-06-19, greek, gujarati, hindi, hungarian, iceland
ic, indonesian, interlingua, irish, italian, kannada, kurmanji, lao, latin, lat
vian, lithuanian, malayalam, marathi, mongolian, mongolianlmc, monogreek, ngerm
an, ngerman-x-2009-06-19, nynorsk, oriya, panjabi, pinyin, polish, portuguese, 
romanian, russian, sanskrit, serbian, slovak, slovenian, spanish, swedish, swis
sgerman, tamil, telugu, turkish, turkmen, ukenglish, ukrainian, uppersorbian, u
senglishmax, welsh, loaded.
(V:\texmaker.2\MikTeX2.9\tex\latex\base\article.cls
Document Class: article 2007/10/19 v1.4h Standard LaTeX document class
(V:\texmaker.2\MikTeX2.9\tex\latex\base\size11.clo
File: size11.clo 2007/10/19 v1.4h Standard LaTeX file (size option)
)
\c@part=\count79
\c@section=\count80
\c@subsection=\count81
\c@subsubsection=\count82
\c@paragraph=\count83
\c@subparagraph=\count84
\c@figure=\count85
\c@table=\count86
\abovecaptionskip=\skip41
\belowcaptionskip=\skip42
\bibindent=\dimen102
)
(V:\texmaker.2\MikTeX2.9\tex\latex\base\inputenc.sty
Package: inputenc 2008/03/30 v1.1d Input encoding file
\inpenc@prehook=\toks14
\inpenc@posthook=\toks15

(V:\texmaker.2\MikTeX2.9\tex\latex\base\latin1.def
File: latin1.def 2008/03/30 v1.1d Input encoding file
))
(V:\texmaker.2\MikTeX2.9\tex\latex\ams\math\amsmath.sty
Package: amsmath 2000/07/18 v2.13 AMS math features
\@mathmargin=\skip43

For additional information on amsmath, use the `?' option.
(V:\texmaker.2\MikTeX2.9\tex\latex\ams\math\amstext.sty
Package: amstext 2000/06/29 v2.01

(V:\texmaker.2\MikTeX2.9\tex\latex\ams\math\amsgen.sty
File: amsgen.sty 1999/11/30 v2.0
\@emptytoks=\toks16
\ex@=\dimen103
))
(V:\texmaker.2\MikTeX2.9\tex\latex\ams\math\amsbsy.sty
Package: amsbsy 1999/11/29 v1.2d
\pmbraise@=\dimen104
)
(V:\texmaker.2\MikTeX2.9\tex\latex\ams\math\amsopn.sty
Package: amsopn 1999/12/14 v2.01 operator names
)
\inf@bad=\count87
LaTeX Info: Redefining \frac on input line 211.
\uproot@=\count88
\leftroot@=\count89
LaTeX Info: Redefining \overline on input line 307.
\classnum@=\count90
\DOTSCASE@=\count91
LaTeX Info: Redefining \ldots on input line 379.
LaTeX Info: Redefining \dots on input line 382.
LaTeX Info: Redefining \cdots on input line 467.
\Mathstrutbox@=\box26
\strutbox@=\box27
\big@size=\dimen105
LaTeX Font Info:    Redeclaring font encoding OML on input line 567.
LaTeX Font Info:    Redeclaring font encoding OMS on input line 568.
\macc@depth=\count92
\c@MaxMatrixCols=\count93
\dotsspace@=\muskip10
\c@parentequation=\count94
\dspbrk@lvl=\count95
\tag@help=\toks17
\row@=\count96
\column@=\count97
\maxfields@=\count98
\andhelp@=\toks18
\eqnshift@=\dimen106
\alignsep@=\dimen107
\tagshift@=\dimen108
\tagwidth@=\dimen109
\totwidth@=\dimen110
\lineht@=\dimen111
\@envbody=\toks19
\multlinegap=\skip44
\multlinetaggap=\skip45
\mathdisplay@stack=\toks20
LaTeX Info: Redefining \[ on input line 2666.
LaTeX Info: Redefining \] on input line 2667.
)
(V:\texmaker.2\MikTeX2.9\tex\latex\amsfonts\amsfonts.sty
Package: amsfonts 2009/06/22 v3.00 Basic AMSFonts support
\symAMSa=\mathgroup4
\symAMSb=\mathgroup5
LaTeX Font Info:    Overwriting math alphabet `\mathfrak' in version `bold'
(Font)                  U/euf/m/n --> U/euf/b/n on input line 96.
)
(V:\texmaker.2\MikTeX2.9\tex\latex\amsfonts\amssymb.sty
Package: amssymb 2009/06/22 v3.00
)
(V:\texmaker.2\MikTeX2.9\tex\latex\graphics\graphicx.sty
Package: graphicx 1999/02/16 v1.0f Enhanced LaTeX Graphics (DPC,SPQR)

(V:\texmaker.2\MikTeX2.9\tex\latex\graphics\keyval.sty
Package: keyval 1999/03/16 v1.13 key=value parser (DPC)
\KV@toks@=\toks21
)
(V:\texmaker.2\MikTeX2.9\tex\latex\graphics\graphics.sty
Package: graphics 2009/02/05 v1.0o Standard LaTeX Graphics (DPC,SPQR)

(V:\texmaker.2\MikTeX2.9\tex\latex\graphics\trig.sty
Package: trig 1999/03/16 v1.09 sin cos tan (DPC)
)
(V:\texmaker.2\MikTeX2.9\tex\latex\00miktex\graphics.cfg
File: graphics.cfg 2007/01/18 v1.5 graphics configuration of teTeX/TeXLive
)
Package graphics Info: Driver file: pdftex.def on input line 91.

(V:\texmaker.2\MikTeX2.9\tex\latex\pdftex-def\pdftex.def
File: pdftex.def 2010/09/14 v0.05b Graphics/color for pdfTeX
\Gread@gobject=\count99
))
\Gin@req@height=\dimen112
\Gin@req@width=\dimen113
)
(C:\Users\pszjmb\Documents\synchronization\git\spec\condenser.aux
(C:\Users\pszjmb\Documents\synchronization\git\spec\scope.aux)
(C:\Users\pszjmb\Documents\synchronization\git\spec\requirements.aux)
(C:\Users\pszjmb\Documents\synchronization\git\spec\related.aux))
LaTeX Font Info:    Checking defaults for OML/cmm/m/it on input line 9.
LaTeX Font Info:    ... okay on input line 9.
LaTeX Font Info:    Checking defaults for T1/cmr/m/n on input line 9.
LaTeX Font Info:    ... okay on input line 9.
LaTeX Font Info:    Checking defaults for OT1/cmr/m/n on input line 9.
LaTeX Font Info:    ... okay on input line 9.
LaTeX Font Info:    Checking defaults for OMS/cmsy/m/n on input line 9.
LaTeX Font Info:    ... okay on input line 9.
LaTeX Font Info:    Checking defaults for OMX/cmex/m/n on input line 9.
LaTeX Font Info:    ... okay on input line 9.
LaTeX Font Info:    Checking defaults for U/cmr/m/n on input line 9.
LaTeX Font Info:    ... okay on input line 9.

(V:\texmaker.2\MikTeX2.9\tex\context\base\supp-pdf.mkii
[Loading MPS to PDF converter (version 2006.09.02).]
\scratchcounter=\count100
\scratchdimen=\dimen114
\scratchbox=\box28
\nofMPsegments=\count101
\nofMParguments=\count102
\everyMPshowfont=\toks22
\MPscratchCnt=\count103
\MPscratchDim=\dimen115
\MPnumerator=\count104
\everyMPtoPDFconversion=\toks23
)
LaTeX Font Info:    Try loading font information for U+msa on input line 29.
 (V:\texmaker.2\MikTeX2.9\tex\latex\amsfonts\umsa.fd
File: umsa.fd 2009/06/22 v3.00 AMS symbols A
)
LaTeX Font Info:    Try loading font information for U+msb on input line 29.

(V:\texmaker.2\MikTeX2.9\tex\latex\amsfonts\umsb.fd
File: umsb.fd 2009/06/22 v3.00 AMS symbols B
) [1

{C:/ProgramData/MiKTeX/2.9/pdftex/config/pdftex.map}]
(C:\Users\pszjmb\Documents\synchronization\git\spec\condenser.toc)
\tf@toc=\write3
 [2]
(C:\Users\pszjmb\Documents\synchronization\git\spec\scope.tex) [3

]
(C:\Users\pszjmb\Documents\synchronization\git\spec\requirements.tex
(C:\Users\pszjmb\Documents\synchronization\git\spec\usage.tex
LaTeX Font Info:    Try loading font information for OMS+cmr on input line 6.

(V:\texmaker.2\MikTeX2.9\tex\latex\base\omscmr.fd
File: omscmr.fd 1999/05/25 v2.5h Standard LaTeX font definitions
)
LaTeX Font Info:    Font shape `OMS/cmr/m/n' in size <10.95> not available
(Font)              Font shape `OMS/cmsy/m/n' tried instead on input line 6.
 [4


] [5]) [6]) [7] [8]
(C:\Users\pszjmb\Documents\synchronization\git\spec\related.tex) [9


]
(C:\Users\pszjmb\Documents\synchronization\git\spec\condenser.bbl) [10

]
(C:\Users\pszjmb\Documents\synchronization\git\spec\condenser.aux
(C:\Users\pszjmb\Documents\synchronization\git\spec\scope.aux)
(C:\Users\pszjmb\Documents\synchronization\git\spec\requirements.aux)
(C:\Users\pszjmb\Documents\synchronization\git\spec\related.aux)) ) 
Here is how much of TeX's memory you used:
 1936 strings out of 494019
 24603 string characters out of 3148238
 80202 words of memory out of 3000000
 5200 multiletter control sequences out of 15000+200000
 10505 words of font info for 39 fonts, out of 3000000 for 9000
 714 hyphenation exceptions out of 8191
 27i,6n,22p,571b,193s stack positions out of 5000i,500n,10000p,200000b,50000s
<V:/texmaker
.2/MikTeX2.9/fonts/type1/public/amsfonts/cm/cmbx10.pfb><V:/texmaker.2/MikTeX2.9
/fonts/type1/public/amsfonts/cm/cmbx12.pfb><V:/texmaker.2/MikTeX2.9/fonts/type1
/public/amsfonts/cm/cmr10.pfb><V:/texmaker.2/MikTeX2.9/fonts/type1/public/amsfo
nts/cm/cmsl10.pfb><V:/texmaker.2/MikTeX2.9/fonts/type1/public/amsfonts/cm/cmsy1
0.pfb><V:/texmaker.2/MikTeX2.9/fonts/type1/public/amsfonts/cm/cmti10.pfb>
Output written on condenser.pdf (10 pages, 110983 bytes).
PDF statistics:
 59 PDF objects out of 1000 (max. 8388607)
 0 named destinations out of 1000 (max. 500000)
 1 words of extra memory for PDF output out of 10000 (max. 10000000)

